This is pdfTeX, Version 3.14159265-2.6-1.40.20 (TeX Live 2019/W32TeX) (preloaded format=pdflatex 2020.2.28)  15 APR 2021 20:10
entering extended mode
 restricted \write18 enabled.
 %&-line parsing enabled.
**lab_report_1.tex
(./lab_report_1.tex
LaTeX2e <2020-02-02> patch level 4
L3 programming layer <2020-02-25>
(d:/TexLive/2019/texmf-dist/tex/latex/base/article.cls
Document Class: article 2019/12/20 v1.4l Standard LaTeX document class
(d:/TexLive/2019/texmf-dist/tex/latex/base/size12.clo
File: size12.clo 2019/12/20 v1.4l Standard LaTeX file (size option)
)
\c@part=\count167
\c@section=\count168
\c@subsection=\count169
\c@subsubsection=\count170
\c@paragraph=\count171
\c@subparagraph=\count172
\c@figure=\count173
\c@table=\count174
\abovecaptionskip=\skip47
\belowcaptionskip=\skip48
\bibindent=\dimen134
)
(d:/TexLive/2019/texmf-dist/tex/latex/setspace/setspace.sty
Package: setspace 2011/12/19 v6.7a set line spacing
)
(d:/TexLive/2019/texmf-dist/tex/latex/algorithms/algorithm.sty
Package: algorithm 2009/08/24 v0.1 Document Style `algorithm' - floating enviro
nment

(d:/TexLive/2019/texmf-dist/tex/latex/float/float.sty
Package: float 2001/11/08 v1.3d Float enhancements (AL)
\c@float@type=\count175
\float@exts=\toks14
\float@box=\box45
\@float@everytoks=\toks15
\@floatcapt=\box46
)
(d:/TexLive/2019/texmf-dist/tex/latex/base/ifthen.sty
Package: ifthen 2014/09/29 v1.1c Standard LaTeX ifthen package (DPC)
)
\@float@every@algorithm=\toks16
\c@algorithm=\count176
)
(d:/TexLive/2019/texmf-dist/tex/latex/algorithmicx/algpseudocode.sty
Package: algpseudocode 

(d:/TexLive/2019/texmf-dist/tex/latex/algorithmicx/algorithmicx.sty
Package: algorithmicx 2005/04/27 v1.2 Algorithmicx

Document Style algorithmicx 1.2 - a greatly improved `algorithmic' style
\c@ALG@line=\count177
\c@ALG@rem=\count178
\c@ALG@nested=\count179
\ALG@tlm=\skip49
\ALG@thistlm=\skip50
\c@ALG@Lnr=\count180
\c@ALG@blocknr=\count181
\c@ALG@storecount=\count182
\c@ALG@tmpcounter=\count183
\ALG@tmplength=\skip51
)
Document Style - pseudocode environments for use with the `algorithmicx' style
) (d:/TexLive/2019/texmf-dist/tex/latex/siunitx/siunitx.sty
(d:/TexLive/2019/texmf-dist/tex/latex/l3kernel/expl3.sty
Package: expl3 2020-02-25 L3 programming layer (loader) 

(d:/TexLive/2019/texmf-dist/tex/latex/l3backend/l3backend-pdfmode.def
File: l3backend-pdfmode.def 2020-02-23 L3 backend support: PDF mode
\l__kernel_color_stack_int=\count184
\l__pdf_internal_box=\box47
))
(d:/TexLive/2019/texmf-dist/tex/latex/l3packages/xparse/xparse.sty
Package: xparse 2020-02-25 L3 Experimental document command parser
\l__xparse_current_arg_int=\count185
\g__xparse_grabber_int=\count186
\l__xparse_m_args_int=\count187
\l__xparse_v_nesting_int=\count188
)
Package: siunitx 2020/02/25 v2.8b A comprehensive (SI) units package

(d:/TexLive/2019/texmf-dist/tex/latex/amsmath/amstext.sty
Package: amstext 2000/06/29 v2.01 AMS text

(d:/TexLive/2019/texmf-dist/tex/latex/amsmath/amsgen.sty
File: amsgen.sty 1999/11/30 v2.0 generic functions
\@emptytoks=\toks17
\ex@=\dimen135
))
(d:/TexLive/2019/texmf-dist/tex/latex/tools/array.sty
Package: array 2019/08/31 v2.4l Tabular extension package (FMi)
\col@sep=\dimen136
\ar@mcellbox=\box48
\extrarowheight=\dimen137
\NC@list=\toks18
\extratabsurround=\skip52
\backup@length=\skip53
\ar@cellbox=\box49
)
(d:/TexLive/2019/texmf-dist/tex/latex/l3packages/l3keys2e/l3keys2e.sty
Package: l3keys2e 2020-02-25 LaTeX2e option processing using LaTeX3 keys
)
\l__siunitx_tmp_box=\box50
\l__siunitx_tmp_dim=\dimen138
\l__siunitx_tmp_int=\count189
\l__siunitx_number_mantissa_length_int=\count190
\l__siunitx_number_uncert_length_int=\count191
\l__siunitx_round_int=\count192
\l__siunitx_process_decimal_int=\count193
\l__siunitx_process_uncertainty_int=\count194
\l__siunitx_process_fixed_int=\count195
\l__siunitx_process_integer_min_int=\count196
\l__siunitx_process_precision_int=\count197
\l__siunitx_group_min_int=\count198
\l__siunitx_angle_marker_box=\box51
\l__siunitx_angle_unit_box=\box52
\l__siunitx_angle_marker_dim=\dimen139
\l__siunitx_angle_unit_dim=\dimen140
\l__siunitx_unit_int=\count199
\l__siunitx_unit_denominator_int=\count266
\l__siunitx_unit_numerator_int=\count267
\l__siunitx_unit_prefix_int=\count268
\l__siunitx_unit_prefix_base_int=\count269
\l__siunitx_unit_prefix_gram_int=\count270
\l__siunitx_number_product_int=\count271
\c__siunitx_one_fill_skip=\skip54
\l__siunitx_table_unit_align_skip=\skip55
\l__siunitx_table_exponent_dim=\dimen141
\l__siunitx_table_integer_dim=\dimen142
\l__siunitx_table_mantissa_dim=\dimen143
\l__siunitx_table_marker_dim=\dimen144
\l__siunitx_table_result_dim=\dimen145
\l__siunitx_table_uncert_dim=\dimen146
\l__siunitx_table_fill_pre_dim=\dimen147
\l__siunitx_table_fill_post_dim=\dimen148
\l__siunitx_table_fill_mid_dim=\dimen149
\l__siunitx_table_pre_box=\box53
\l__siunitx_table_post_box=\box54
\l__siunitx_table_mantissa_box=\box55
\l__siunitx_table_result_box=\box56
\l__siunitx_table_number_align_skip=\skip56
\l__siunitx_table_text_align_skip=\skip57

(d:/TexLive/2019/texmf-dist/tex/latex/translator/translator.sty
Package: translator 2019-05-31 v1.12a Easy translation of strings in LaTeX

(d:/TexLive/2019/texmf-dist/tex/latex/graphics/keyval.sty
Package: keyval 2014/10/28 v1.15 key=value parser (DPC)
\KV@toks@=\toks19
)))
(d:/TexLive/2019/texmf-dist/tex/latex/graphics/graphicx.sty
Package: graphicx 2019/11/30 v1.2a Enhanced LaTeX Graphics (DPC,SPQR)

(d:/TexLive/2019/texmf-dist/tex/latex/graphics/graphics.sty
Package: graphics 2019/11/30 v1.4a Standard LaTeX Graphics (DPC,SPQR)

(d:/TexLive/2019/texmf-dist/tex/latex/graphics/trig.sty
Package: trig 2016/01/03 v1.10 sin cos tan (DPC)
)
(d:/TexLive/2019/texmf-dist/tex/latex/graphics-cfg/graphics.cfg
File: graphics.cfg 2016/06/04 v1.11 sample graphics configuration
)
Package graphics Info: Driver file: pdftex.def on input line 105.

(d:/TexLive/2019/texmf-dist/tex/latex/graphics-def/pdftex.def
File: pdftex.def 2018/01/08 v1.0l Graphics/color driver for pdftex
))
\Gin@req@height=\dimen150
\Gin@req@width=\dimen151
)
(d:/TexLive/2019/texmf-dist/tex/latex/amsmath/amsmath.sty
Package: amsmath 2020/01/20 v2.17e AMS math features
\@mathmargin=\skip58

For additional information on amsmath, use the `?' option.
(d:/TexLive/2019/texmf-dist/tex/latex/amsmath/amsbsy.sty
Package: amsbsy 1999/11/29 v1.2d Bold Symbols
\pmbraise@=\dimen152
)
(d:/TexLive/2019/texmf-dist/tex/latex/amsmath/amsopn.sty
Package: amsopn 2016/03/08 v2.02 operator names
)
\inf@bad=\count272
LaTeX Info: Redefining \frac on input line 227.
\uproot@=\count273
\leftroot@=\count274
LaTeX Info: Redefining \overline on input line 389.
\classnum@=\count275
\DOTSCASE@=\count276
LaTeX Info: Redefining \ldots on input line 486.
LaTeX Info: Redefining \dots on input line 489.
LaTeX Info: Redefining \cdots on input line 610.
\Mathstrutbox@=\box57
\strutbox@=\box58
\big@size=\dimen153
LaTeX Font Info:    Redeclaring font encoding OML on input line 733.
LaTeX Font Info:    Redeclaring font encoding OMS on input line 734.
\macc@depth=\count277
\c@MaxMatrixCols=\count278
\dotsspace@=\muskip16
\c@parentequation=\count279
\dspbrk@lvl=\count280
\tag@help=\toks20
\row@=\count281
\column@=\count282
\maxfields@=\count283
\andhelp@=\toks21
\eqnshift@=\dimen154
\alignsep@=\dimen155
\tagshift@=\dimen156
\tagwidth@=\dimen157
\totwidth@=\dimen158
\lineht@=\dimen159
\@envbody=\toks22
\multlinegap=\skip59
\multlinetaggap=\skip60
\mathdisplay@stack=\toks23
LaTeX Info: Redefining \[ on input line 2859.
LaTeX Info: Redefining \] on input line 2860.
)
(d:/TexLive/2019/texmf-dist/tex/latex/cite/cite.sty
LaTeX Info: Redefining \cite on input line 302.
LaTeX Info: Redefining \nocite on input line 332.
Package: cite 2015/02/27  v 5.5
)
(d:/TexLive/2019/texmf-dist/tex/latex/subfigure/subfigure.sty
Package: subfigure 2002/03/15 v2.1.5 subfigure package
\subfigtopskip=\skip61
\subfigcapskip=\skip62
\subfigcaptopadj=\dimen160
\subfigbottomskip=\skip63
\subfigcapmargin=\dimen161
\subfiglabelskip=\skip64
\c@subfigure=\count284
\c@lofdepth=\count285
\c@subtable=\count286
\c@lotdepth=\count287

****************************************
* Local config file subfigure.cfg used *
****************************************
(d:/TexLive/2019/texmf-dist/tex/latex/subfigure/subfigure.cfg)
\subfig@top=\skip65
\subfig@bottom=\skip66
)
(./lab_report_1.aux

LaTeX Warning: Label `euclid' multiply defined.

)
\openout1 = `lab_report_1.aux'.

LaTeX Font Info:    Checking defaults for OML/cmm/m/it on input line 51.
LaTeX Font Info:    ... okay on input line 51.
LaTeX Font Info:    Checking defaults for OMS/cmsy/m/n on input line 51.
LaTeX Font Info:    ... okay on input line 51.
LaTeX Font Info:    Checking defaults for OT1/cmr/m/n on input line 51.
LaTeX Font Info:    ... okay on input line 51.
LaTeX Font Info:    Checking defaults for T1/cmr/m/n on input line 51.
LaTeX Font Info:    ... okay on input line 51.
LaTeX Font Info:    Checking defaults for TS1/cmr/m/n on input line 51.
LaTeX Font Info:    ... okay on input line 51.
LaTeX Font Info:    Checking defaults for OMX/cmex/m/n on input line 51.
LaTeX Font Info:    ... okay on input line 51.
LaTeX Font Info:    Checking defaults for U/cmr/m/n on input line 51.
LaTeX Font Info:    ... okay on input line 51.

(d:/TexLive/2019/texmf-dist/tex/latex/translator/translator-basic-dictionary-En
glish.dict
Dictionary: translator-basic-dictionary, Language: English 
)
(d:/TexLive/2019/texmf-dist/tex/latex/siunitx/siunitx-abbreviations.cfg
File: siunitx-abbreviations.cfg 2017/11/26 v2.7k siunitx: Abbreviated units
)
(d:/TexLive/2019/texmf-dist/tex/context/base/mkii/supp-pdf.mkii
[Loading MPS to PDF converter (version 2006.09.02).]
\scratchcounter=\count288
\scratchdimen=\dimen162
\scratchbox=\box59
\nofMPsegments=\count289
\nofMParguments=\count290
\everyMPshowfont=\toks24
\MPscratchCnt=\count291
\MPscratchDim=\dimen163
\MPnumerator=\count292
\makeMPintoPDFobject=\count293
\everyMPtoPDFconversion=\toks25
) (d:/TexLive/2019/texmf-dist/tex/latex/epstopdf-pkg/epstopdf-base.sty
Package: epstopdf-base 2020-01-24 v2.11 Base part for package epstopdf
Package epstopdf-base Info: Redefining graphics rule for `.eps' on input line 4
85.

(d:/TexLive/2019/texmf-dist/tex/latex/latexconfig/epstopdf-sys.cfg
File: epstopdf-sys.cfg 2010/07/13 v1.3 Configuration of (r)epstopdf for TeX Liv
e
))

LaTeX Warning: No \author given.

[1

{d:/TexLive/2019/texmf-var/fonts/map/pdftex/updmap/pdftex.map}] [2] [3]
[4] [5]
<reset_random.png, id=29, 723.45282pt x 210.03468pt>
File: reset_random.png Graphic file (type png)
<use reset_random.png>
Package pdftex.def Info: reset_random.png  used on input line 170.
(pdftex.def)             Requested size: 350.99762pt x 101.90195pt.
 [6] [7 <./reset_random.png>]

LaTeX Warning: `!h' float specifier changed to `!ht'.

[8] [9]
<network.png, id=45, 733.99219pt x 284.56313pt>
File: network.png Graphic file (type png)
<use network.png>
Package pdftex.def Info: network.png  used on input line 280.
(pdftex.def)             Requested size: 350.99762pt x 136.08072pt.
 [10]
<update.png, id=49, 522.45187pt x 295.85532pt>
File: update.png Graphic file (type png)
<use update.png>
Package pdftex.def Info: update.png  used on input line 289.
(pdftex.def)             Requested size: 350.99762pt x 198.76826pt.
 [11 <./network.png>] [12 <./update.png>]
<qvalue-1-DQN.jpg, id=58, 462.528pt x 346.896pt>
File: qvalue-1-DQN.jpg Graphic file (type jpg)
<use qvalue-1-DQN.jpg>
Package pdftex.def Info: qvalue-1-DQN.jpg  used on input line 314.
(pdftex.def)             Requested size: 170.71652pt x 128.0372pt.
<qvalue-1-QL.jpg, id=59, 462.528pt x 346.896pt>
File: qvalue-1-QL.jpg Graphic file (type jpg)
<use qvalue-1-QL.jpg>
Package pdftex.def Info: qvalue-1-QL.jpg  used on input line 317.
(pdftex.def)             Requested size: 170.71652pt x 128.0372pt.
<reward-1-DQN.jpg, id=60, 462.528pt x 346.896pt>
File: reward-1-DQN.jpg Graphic file (type jpg)
<use reward-1-DQN.jpg>
Package pdftex.def Info: reward-1-DQN.jpg  used on input line 324.
(pdftex.def)             Requested size: 170.71652pt x 128.0372pt.
<reward-1-QL.jpg, id=61, 462.528pt x 346.896pt>
File: reward-1-QL.jpg Graphic file (type jpg)
<use reward-1-QL.jpg>
Package pdftex.def Info: reward-1-QL.jpg  used on input line 327.
(pdftex.def)             Requested size: 170.71652pt x 128.0372pt.
 [13 <./qvalue-1-DQN.jpg> <./qvalue-1-QL.jpg> <./reward-1-DQN.jpg> <./reward-1-
QL.jpg>]
<score-1-DQN-73.jpg, id=66, 462.528pt x 346.896pt>
File: score-1-DQN-73.jpg Graphic file (type jpg)
<use score-1-DQN-73.jpg>
Package pdftex.def Info: score-1-DQN-73.jpg  used on input line 339.
(pdftex.def)             Requested size: 170.71652pt x 128.0372pt.
<score-1-QL-51.jpg, id=67, 462.528pt x 346.896pt>
File: score-1-QL-51.jpg Graphic file (type jpg)
<use score-1-QL-51.jpg>
Package pdftex.def Info: score-1-QL-51.jpg  used on input line 342.
(pdftex.def)             Requested size: 170.71652pt x 128.0372pt.
<score-2-1000-23-9-21-0.jpg, id=68, 462.528pt x 346.896pt>
File: score-2-1000-23-9-21-0.jpg Graphic file (type jpg)
<use score-2-1000-23-9-21-0.jpg>
Package pdftex.def Info: score-2-1000-23-9-21-0.jpg  used on input line 361.
(pdftex.def)             Requested size: 170.71652pt x 128.0372pt.
<score-2-2000-40-15-23-3.jpg, id=69, 462.528pt x 346.896pt>
File: score-2-2000-40-15-23-3.jpg Graphic file (type jpg)
<use score-2-2000-40-15-23-3.jpg>
Package pdftex.def Info: score-2-2000-40-15-23-3.jpg  used on input line 364.
(pdftex.def)             Requested size: 170.71652pt x 128.0372pt.
<score-2-4000-53-16-22-8.jpg, id=70, 462.528pt x 346.896pt>
File: score-2-4000-53-16-22-8.jpg Graphic file (type jpg)
<use score-2-4000-53-16-22-8.jpg>
Package pdftex.def Info: score-2-4000-53-16-22-8.jpg  used on input line 367.
(pdftex.def)             Requested size: 170.71652pt x 128.0372pt.
 [14 <./score-1-DQN-73.jpg> <./score-1-QL-51.jpg>] [15 <./score-2-1000-23-9-21-
0.jpg> <./score-2-2000-40-15-23-3.jpg> <./score-2-4000-53-16-22-8.jpg>]
File: score-2-1000-23-9-21-0.jpg Graphic file (type jpg)
<use score-2-1000-23-9-21-0.jpg>
Package pdftex.def Info: score-2-1000-23-9-21-0.jpg  used on input line 394.
(pdftex.def)             Requested size: 170.71652pt x 128.0372pt.
<score-2-new-1000-22-16-22-5.jpg, id=77, 462.528pt x 346.896pt>
File: score-2-new-1000-22-16-22-5.jpg Graphic file (type jpg)
<use score-2-new-1000-22-16-22-5.jpg>
Package pdftex.def Info: score-2-new-1000-22-16-22-5.jpg  used on input line 39
7.
(pdftex.def)             Requested size: 170.71652pt x 128.0372pt.
 [16 <./score-2-new-1000-22-16-22-5.jpg>]
Underfull \hbox (badness 10000) in paragraph at lines 424--425
[]\OT1/cmr/m/n/12 Zhou. "Re-in-force-ment Learn-ing Meth-ods and Tu-to-ri-als"
 []


Underfull \hbox (badness 10000) in paragraph at lines 424--425
\OT1/cmr/m/n/12 https://github.com/MorvanZhou/Reinforcement-learning-with-
 []

[17] (./lab_report_1.aux)

LaTeX Warning: There were multiply-defined labels.

 ) 
Here is how much of TeX's memory you used:
 5590 strings out of 480997
 118137 string characters out of 5916084
 349665 words of memory out of 5000000
 21042 multiletter control sequences out of 15000+600000
 543381 words of font info for 65 fonts, out of 8000000 for 9000
 1141 hyphenation exceptions out of 8191
 35i,7n,40p,672b,527s stack positions out of 5000i,500n,10000p,200000b,80000s
<d:/TexLive/2019/texmf-dist/fonts/type1/public/amsfonts/cm/cmbx10.pfb><d:/Tex
Live/2019/texmf-dist/fonts/type1/public/amsfonts/cm/cmbx12.pfb><d:/TexLive/2019
/texmf-dist/fonts/type1/public/amsfonts/cm/cmmi10.pfb><d:/TexLive/2019/texmf-di
st/fonts/type1/public/amsfonts/cm/cmmi12.pfb><d:/TexLive/2019/texmf-dist/fonts/
type1/public/amsfonts/cm/cmmi8.pfb><d:/TexLive/2019/texmf-dist/fonts/type1/publ
ic/amsfonts/cm/cmr10.pfb><d:/TexLive/2019/texmf-dist/fonts/type1/public/amsfont
s/cm/cmr12.pfb><d:/TexLive/2019/texmf-dist/fonts/type1/public/amsfonts/cm/cmr8.
pfb><d:/TexLive/2019/texmf-dist/fonts/type1/public/amsfonts/cm/cmsy10.pfb><d:/T
exLive/2019/texmf-dist/fonts/type1/public/amsfonts/cm/cmsy6.pfb><d:/TexLive/201
9/texmf-dist/fonts/type1/public/amsfonts/cm/cmsy8.pfb>
Output written on lab_report_1.pdf (17 pages, 1135942 bytes).
PDF statistics:
 120 PDF objects out of 1000 (max. 8388607)
 73 compressed objects within 1 object stream
 0 named destinations out of 1000 (max. 500000)
 66 words of extra memory for PDF output out of 10000 (max. 10000000)

